Loaded module: python3/3.6.2
Loaded module: cuda/8.0
ModuleCmd_Load.c(213):ERROR:105: Unable to locate a modulefile for 'cudnn/v.7.0-prod-cuda8'
Traceback (most recent call last):
  File "/zhome/ad/0/108841/.local/lib/python3.6/site-packages/gym/envs/atari/atari_env.py", line 9, in <module>
    import atari_py
ModuleNotFoundError: No module named 'atari_py'

During handling of the above exception, another exception occurred:

Traceback (most recent call last):
  File "Pong_DDQN.py", line 17, in <module>
    env = gym.make('Pong-v0').unwrapped
  File "/zhome/ad/0/108841/.local/lib/python3.6/site-packages/gym/envs/registration.py", line 156, in make
    return registry.make(id, **kwargs)
  File "/zhome/ad/0/108841/.local/lib/python3.6/site-packages/gym/envs/registration.py", line 101, in make
    env = spec.make(**kwargs)
  File "/zhome/ad/0/108841/.local/lib/python3.6/site-packages/gym/envs/registration.py", line 72, in make
    cls = load(self.entry_point)
  File "/zhome/ad/0/108841/.local/lib/python3.6/site-packages/gym/envs/registration.py", line 17, in load
    mod = importlib.import_module(mod_name)
  File "/appl/python/3.6.2/lib/python3.6/importlib/__init__.py", line 126, in import_module
    return _bootstrap._gcd_import(name[level:], package, level)
  File "<frozen importlib._bootstrap>", line 978, in _gcd_import
  File "<frozen importlib._bootstrap>", line 961, in _find_and_load
  File "<frozen importlib._bootstrap>", line 950, in _find_and_load_unlocked
  File "<frozen importlib._bootstrap>", line 655, in _load_unlocked
  File "<frozen importlib._bootstrap_external>", line 678, in exec_module
  File "<frozen importlib._bootstrap>", line 205, in _call_with_frames_removed
  File "/zhome/ad/0/108841/.local/lib/python3.6/site-packages/gym/envs/atari/__init__.py", line 1, in <module>
    from gym.envs.atari.atari_env import AtariEnv
  File "/zhome/ad/0/108841/.local/lib/python3.6/site-packages/gym/envs/atari/atari_env.py", line 13, in <module>
    "'pip install gym[atari]'.)".format(e))
gym.error.DependencyNotInstalled: No module named 'atari_py'. (HINT: you can install Atari dependencies by running 'pip install gym[atari]'.)
